[INFO] 11:05:09:135 MEMORIA/(12898:12898): Leyendo archivo de configuracion:
[INFO] 11:05:09:135 MEMORIA/(12898:12898): TAM_MEMORIA: 10240
[INFO] 11:05:09:135 MEMORIA/(12898:12898): TAM_PAGINA: 256
[INFO] 11:05:09:135 MEMORIA/(12898:12898): ENTRADAS_POR_TABLA: 4
[INFO] 11:05:09:135 MEMORIA/(12898:12898): RETARDO_MEMORIA: 500
[INFO] 11:05:09:135 MEMORIA/(12898:12898): RETARDO_SWAP: 1000
[INFO] 11:05:09:135 MEMORIA/(12898:12898): MARCOS_POR_PROCESO: 4
[INFO] 11:05:09:135 MEMORIA/(12898:12898): PUERTO_ESCUCHA: 8002
[INFO] 11:05:09:135 MEMORIA/(12898:12898): ALGORITMO_REEMPLAZO: CLOCK-M
[INFO] 11:05:09:135 MEMORIA/(12898:12898): PATH_SWAP: /home/utnso/swap
[INFO] 11:05:09:135 MEMORIA/(12898:12898): Listo!

[INFO] 11:05:09:135 MEMORIA/(12898:12898): Memoria principal creada
[INFO] 11:05:09:135 MEMORIA/(12898:12898): Tabla de planificacion de 40 marcos creada
[INFO] 11:05:09:135 MEMORIA/(12898:12898): Vector de punteros de planificacion para 10 grupos de marcos creado
[INFO] 11:05:09:136 MEMORIA/(12898:12898): Iniciando Conexiones...
[INFO] 11:05:09:136 MEMORIA/(12898:12898): Iniciando servidor...
[INFO] 11:05:09:136 MEMORIA/(12898:12898): Servidor Iniciado!!!
[INFO] 11:05:09:136 MEMORIA/(12898:12898): Esperando Cliente...
[INFO] 11:05:36:739 MEMORIA/(12898:12898): Se conecto el CPU!!!
[INFO] 11:05:38:723 MEMORIA/(12898:12898): Esperando Cliente...
[INFO] 11:05:44:747 MEMORIA/(12898:12898): Se conecto el KERNEL!!!
[INFO] 11:21:48:059 MEMORIA/(14018:14018): Leyendo archivo de configuracion:
[INFO] 11:21:48:059 MEMORIA/(14018:14018): TAM_MEMORIA: 10240
[INFO] 11:21:48:059 MEMORIA/(14018:14018): TAM_PAGINA: 256
[INFO] 11:21:48:059 MEMORIA/(14018:14018): ENTRADAS_POR_TABLA: 4
[INFO] 11:21:48:059 MEMORIA/(14018:14018): RETARDO_MEMORIA: 500
[INFO] 11:21:48:059 MEMORIA/(14018:14018): RETARDO_SWAP: 1000
[INFO] 11:21:48:060 MEMORIA/(14018:14018): MARCOS_POR_PROCESO: 4
[INFO] 11:21:48:060 MEMORIA/(14018:14018): PUERTO_ESCUCHA: 8002
[INFO] 11:21:48:060 MEMORIA/(14018:14018): ALGORITMO_REEMPLAZO: CLOCK-M
[INFO] 11:21:48:060 MEMORIA/(14018:14018): PATH_SWAP: /home/utnso/swap
[INFO] 11:21:48:060 MEMORIA/(14018:14018): Listo!

[INFO] 11:21:48:060 MEMORIA/(14018:14018): Memoria principal creada
[INFO] 11:21:48:060 MEMORIA/(14018:14018): Tabla de planificacion de 40 marcos creada
[INFO] 11:21:48:060 MEMORIA/(14018:14018): Vector de punteros de planificacion para 10 grupos de marcos creado
[INFO] 11:21:48:060 MEMORIA/(14018:14018): Iniciando Conexiones...
[INFO] 11:21:48:060 MEMORIA/(14018:14018): Iniciando servidor...
[INFO] 11:21:48:060 MEMORIA/(14018:14018): Servidor Iniciado!!!
[INFO] 11:21:48:060 MEMORIA/(14018:14018): Esperando Cliente...
[INFO] 11:21:52:772 MEMORIA/(14018:14018): Se conecto el CPU!!!
[INFO] 11:21:53:780 MEMORIA/(14018:14018): Esperando Cliente...
[INFO] 11:21:55:465 MEMORIA/(14018:14018): Se conecto el KERNEL!!!
[INFO] 11:23:17:027 MEMORIA/(14230:14230): Leyendo archivo de configuracion:
[INFO] 11:23:17:027 MEMORIA/(14230:14230): TAM_MEMORIA: 10240
[INFO] 11:23:17:027 MEMORIA/(14230:14230): TAM_PAGINA: 256
[INFO] 11:23:17:027 MEMORIA/(14230:14230): ENTRADAS_POR_TABLA: 4
[INFO] 11:23:17:027 MEMORIA/(14230:14230): RETARDO_MEMORIA: 500
[INFO] 11:23:17:027 MEMORIA/(14230:14230): RETARDO_SWAP: 1000
[INFO] 11:23:17:027 MEMORIA/(14230:14230): MARCOS_POR_PROCESO: 4
[INFO] 11:23:17:028 MEMORIA/(14230:14230): PUERTO_ESCUCHA: 8002
[INFO] 11:23:17:028 MEMORIA/(14230:14230): ALGORITMO_REEMPLAZO: CLOCK-M
[INFO] 11:23:17:028 MEMORIA/(14230:14230): PATH_SWAP: /home/utnso/swap
[INFO] 11:23:17:028 MEMORIA/(14230:14230): Listo!

[INFO] 11:23:17:028 MEMORIA/(14230:14230): Memoria principal creada
[INFO] 11:23:17:028 MEMORIA/(14230:14230): Tabla de planificacion de 40 marcos creada
[INFO] 11:23:17:028 MEMORIA/(14230:14230): Vector de punteros de planificacion para 10 grupos de marcos creado
[INFO] 11:23:17:028 MEMORIA/(14230:14230): Iniciando Conexiones...
[INFO] 11:23:17:028 MEMORIA/(14230:14230): Iniciando servidor...
[INFO] 11:23:17:028 MEMORIA/(14230:14230): Servidor Iniciado!!!
[INFO] 11:23:17:028 MEMORIA/(14230:14230): Esperando Cliente...
[INFO] 11:23:27:764 MEMORIA/(14230:14230): Se conecto el CPU!!!
[INFO] 11:23:28:767 MEMORIA/(14230:14230): Esperando Cliente...
[INFO] 11:23:32:831 MEMORIA/(14230:14230): Se conecto el KERNEL!!!
[INFO] 11:29:03:192 MEMORIA/(14869:14869): Leyendo archivo de configuracion:
[INFO] 11:29:03:192 MEMORIA/(14869:14869): TAM_MEMORIA: 10240
[INFO] 11:29:03:192 MEMORIA/(14869:14869): TAM_PAGINA: 256
[INFO] 11:29:03:192 MEMORIA/(14869:14869): ENTRADAS_POR_TABLA: 4
[INFO] 11:29:03:193 MEMORIA/(14869:14869): RETARDO_MEMORIA: 500
[INFO] 11:29:03:193 MEMORIA/(14869:14869): RETARDO_SWAP: 1000
[INFO] 11:29:03:193 MEMORIA/(14869:14869): MARCOS_POR_PROCESO: 4
[INFO] 11:29:03:193 MEMORIA/(14869:14869): PUERTO_ESCUCHA: 8002
[INFO] 11:29:03:193 MEMORIA/(14869:14869): ALGORITMO_REEMPLAZO: CLOCK-M
[INFO] 11:29:03:193 MEMORIA/(14869:14869): PATH_SWAP: /home/utnso/swap
[INFO] 11:29:03:193 MEMORIA/(14869:14869): Listo!

[INFO] 11:29:03:193 MEMORIA/(14869:14869): Memoria principal creada
[INFO] 11:29:03:193 MEMORIA/(14869:14869): Tabla de planificacion de 40 marcos creada
[INFO] 11:29:03:193 MEMORIA/(14869:14869): Vector de punteros de planificacion para 10 grupos de marcos creado
[INFO] 11:29:03:193 MEMORIA/(14869:14869): Iniciando Conexiones...
[INFO] 11:29:03:193 MEMORIA/(14869:14869): Iniciando servidor...
[INFO] 11:29:03:193 MEMORIA/(14869:14869): Servidor Iniciado!!!
[INFO] 11:29:03:193 MEMORIA/(14869:14869): Esperando Cliente...
[INFO] 11:29:15:781 MEMORIA/(14869:14869): Se conecto el CPU!!!
[INFO] 11:29:16:788 MEMORIA/(14869:14869): Esperando Cliente...
[INFO] 11:29:17:980 MEMORIA/(14869:14869): Se conecto el KERNEL!!!
[INFO] 11:35:09:566 MEMORIA/(15501:15501): Leyendo archivo de configuracion:
[INFO] 11:35:09:638 MEMORIA/(15501:15501): TAM_MEMORIA: 10240
[INFO] 11:35:09:642 MEMORIA/(15501:15501): TAM_PAGINA: 256
[INFO] 11:35:09:643 MEMORIA/(15501:15501): ENTRADAS_POR_TABLA: 4
[INFO] 11:35:09:644 MEMORIA/(15501:15501): RETARDO_MEMORIA: 500
[INFO] 11:35:09:644 MEMORIA/(15501:15501): RETARDO_SWAP: 1000
[INFO] 11:35:09:645 MEMORIA/(15501:15501): MARCOS_POR_PROCESO: 4
[INFO] 11:35:09:646 MEMORIA/(15501:15501): PUERTO_ESCUCHA: 8002
[INFO] 11:35:09:647 MEMORIA/(15501:15501): ALGORITMO_REEMPLAZO: CLOCK-M
[INFO] 11:35:09:648 MEMORIA/(15501:15501): PATH_SWAP: /home/utnso/swap
[INFO] 11:35:09:653 MEMORIA/(15501:15501): Listo!

[INFO] 11:35:09:654 MEMORIA/(15501:15501): Memoria principal creada
[INFO] 11:35:09:659 MEMORIA/(15501:15501): Tabla de planificacion de 40 marcos creada
[INFO] 11:35:09:661 MEMORIA/(15501:15501): Vector de punteros de planificacion para 10 grupos de marcos creado
[INFO] 11:35:09:662 MEMORIA/(15501:15501): Iniciando Conexiones...
[INFO] 11:35:09:664 MEMORIA/(15501:15501): Iniciando servidor...
[INFO] 11:35:09:678 MEMORIA/(15501:15501): Servidor Iniciado!!!
[INFO] 11:35:09:680 MEMORIA/(15501:15501): Esperando Cliente...
[INFO] 11:35:14:625 MEMORIA/(15501:15501): Se conecto el CPU!!!
[INFO] 11:35:15:661 MEMORIA/(15501:15501): Esperando Cliente...
[INFO] 11:35:19:705 MEMORIA/(15501:15501): Se conecto el KERNEL!!!
[INFO] 11:51:52:396 MEMORIA/(16901:16901): Leyendo archivo de configuracion:
[INFO] 11:51:52:397 MEMORIA/(16901:16901): TAM_MEMORIA: 10240
[INFO] 11:51:52:397 MEMORIA/(16901:16901): TAM_PAGINA: 256
[INFO] 11:51:52:397 MEMORIA/(16901:16901): ENTRADAS_POR_TABLA: 4
[INFO] 11:51:52:397 MEMORIA/(16901:16901): RETARDO_MEMORIA: 500
[INFO] 11:51:52:397 MEMORIA/(16901:16901): RETARDO_SWAP: 1000
[INFO] 11:51:52:397 MEMORIA/(16901:16901): MARCOS_POR_PROCESO: 4
[INFO] 11:51:52:397 MEMORIA/(16901:16901): PUERTO_ESCUCHA: 8002
[INFO] 11:51:52:397 MEMORIA/(16901:16901): ALGORITMO_REEMPLAZO: CLOCK-M
[INFO] 11:51:52:397 MEMORIA/(16901:16901): PATH_SWAP: /home/utnso/swap
[INFO] 11:51:52:397 MEMORIA/(16901:16901): Listo!

[INFO] 11:51:52:398 MEMORIA/(16901:16901): Memoria principal creada
[INFO] 11:51:52:398 MEMORIA/(16901:16901): Tabla de planificacion de 40 marcos creada
[INFO] 11:51:52:398 MEMORIA/(16901:16901): Vector de punteros de planificacion para 10 grupos de marcos creado
[INFO] 11:51:52:398 MEMORIA/(16901:16901): Iniciando Conexiones...
[INFO] 11:51:52:398 MEMORIA/(16901:16901): Iniciando servidor...
[INFO] 11:51:52:398 MEMORIA/(16901:16901): Servidor Iniciado!!!
[INFO] 11:51:52:398 MEMORIA/(16901:16901): Esperando Cliente...
[INFO] 11:51:59:855 MEMORIA/(16901:16901): Se conecto el CPU!!!
[INFO] 11:52:00:868 MEMORIA/(16901:16901): Esperando Cliente...
[INFO] 11:53:04:047 MEMORIA/(16901:16901): Se conecto el KERNEL!!!
[INFO] 11:55:04:604 MEMORIA/(17302:17302): Leyendo archivo de configuracion:
[INFO] 11:55:04:604 MEMORIA/(17302:17302): TAM_MEMORIA: 10240
[INFO] 11:55:04:604 MEMORIA/(17302:17302): TAM_PAGINA: 256
[INFO] 11:55:04:604 MEMORIA/(17302:17302): ENTRADAS_POR_TABLA: 4
[INFO] 11:55:04:604 MEMORIA/(17302:17302): RETARDO_MEMORIA: 500
[INFO] 11:55:04:604 MEMORIA/(17302:17302): RETARDO_SWAP: 1000
[INFO] 11:55:04:604 MEMORIA/(17302:17302): MARCOS_POR_PROCESO: 4
[INFO] 11:55:04:604 MEMORIA/(17302:17302): PUERTO_ESCUCHA: 8002
[INFO] 11:55:04:604 MEMORIA/(17302:17302): ALGORITMO_REEMPLAZO: CLOCK-M
[INFO] 11:55:04:604 MEMORIA/(17302:17302): PATH_SWAP: /home/utnso/swap
[INFO] 11:55:04:604 MEMORIA/(17302:17302): Listo!

[INFO] 11:55:04:605 MEMORIA/(17302:17302): Memoria principal creada
[INFO] 11:55:04:605 MEMORIA/(17302:17302): Tabla de planificacion de 40 marcos creada
[INFO] 11:55:04:605 MEMORIA/(17302:17302): Vector de punteros de planificacion para 10 grupos de marcos creado
[INFO] 11:55:04:605 MEMORIA/(17302:17302): Iniciando Conexiones...
[INFO] 11:55:04:605 MEMORIA/(17302:17302): Iniciando servidor...
[INFO] 11:55:04:605 MEMORIA/(17302:17302): Servidor Iniciado!!!
[INFO] 11:55:04:605 MEMORIA/(17302:17302): Esperando Cliente...
[INFO] 11:55:09:872 MEMORIA/(17302:17302): Se conecto el CPU!!!
[INFO] 11:55:10:883 MEMORIA/(17302:17302): Esperando Cliente...
[INFO] 11:55:16:633 MEMORIA/(17302:17302): Se conecto el KERNEL!!!
[INFO] 12:17:53:077 MEMORIA/(18802:18802): Leyendo archivo de configuracion:
[INFO] 12:17:53:078 MEMORIA/(18802:18802): TAM_MEMORIA: 10240
[INFO] 12:17:53:078 MEMORIA/(18802:18802): TAM_PAGINA: 256
[INFO] 12:17:53:078 MEMORIA/(18802:18802): ENTRADAS_POR_TABLA: 4
[INFO] 12:17:53:078 MEMORIA/(18802:18802): RETARDO_MEMORIA: 500
[INFO] 12:17:53:078 MEMORIA/(18802:18802): RETARDO_SWAP: 1000
[INFO] 12:17:53:078 MEMORIA/(18802:18802): MARCOS_POR_PROCESO: 4
[INFO] 12:17:53:078 MEMORIA/(18802:18802): PUERTO_ESCUCHA: 8002
[INFO] 12:17:53:078 MEMORIA/(18802:18802): ALGORITMO_REEMPLAZO: CLOCK-M
[INFO] 12:17:53:078 MEMORIA/(18802:18802): PATH_SWAP: /home/utnso/swap
[INFO] 12:17:53:078 MEMORIA/(18802:18802): Listo!

[INFO] 12:17:53:078 MEMORIA/(18802:18802): Memoria principal creada
[INFO] 12:17:53:078 MEMORIA/(18802:18802): Tabla de planificacion de 40 marcos creada
[INFO] 12:17:53:078 MEMORIA/(18802:18802): Vector de punteros de planificacion para 10 grupos de marcos creado
[INFO] 12:17:53:078 MEMORIA/(18802:18802): Iniciando Conexiones...
[INFO] 12:17:53:078 MEMORIA/(18802:18802): Iniciando servidor...
[INFO] 12:17:53:078 MEMORIA/(18802:18802): Servidor Iniciado!!!
[INFO] 12:17:53:078 MEMORIA/(18802:18802): Esperando Cliente...
[INFO] 12:17:56:338 MEMORIA/(18802:18802): Se conecto el CPU!!!
[INFO] 12:17:57:739 MEMORIA/(18802:18802): Esperando Cliente...
[INFO] 12:18:00:282 MEMORIA/(18802:18802): Se conecto el KERNEL!!!
[INFO] 12:28:21:870 MEMORIA/(19831:19831): Leyendo archivo de configuracion:
[INFO] 12:28:21:872 MEMORIA/(19831:19831): TAM_MEMORIA: 10240
[INFO] 12:28:21:873 MEMORIA/(19831:19831): TAM_PAGINA: 256
[INFO] 12:28:21:873 MEMORIA/(19831:19831): ENTRADAS_POR_TABLA: 4
[INFO] 12:28:21:873 MEMORIA/(19831:19831): RETARDO_MEMORIA: 500
[INFO] 12:28:21:873 MEMORIA/(19831:19831): RETARDO_SWAP: 1000
[INFO] 12:28:21:873 MEMORIA/(19831:19831): MARCOS_POR_PROCESO: 4
[INFO] 12:28:21:873 MEMORIA/(19831:19831): PUERTO_ESCUCHA: 8002
[INFO] 12:28:21:873 MEMORIA/(19831:19831): ALGORITMO_REEMPLAZO: CLOCK-M
[INFO] 12:28:21:874 MEMORIA/(19831:19831): PATH_SWAP: /home/utnso/swap
[INFO] 12:28:21:874 MEMORIA/(19831:19831): Listo!

[INFO] 12:28:21:874 MEMORIA/(19831:19831): Memoria principal creada
[INFO] 12:28:21:875 MEMORIA/(19831:19831): Tabla de planificacion de 40 marcos creada
[INFO] 12:28:21:875 MEMORIA/(19831:19831): Vector de punteros de planificacion para 10 grupos de marcos creado
[INFO] 12:28:21:876 MEMORIA/(19831:19831): Iniciando Conexiones...
[INFO] 12:28:21:877 MEMORIA/(19831:19831): Iniciando servidor...
[INFO] 12:28:21:878 MEMORIA/(19831:19831): Servidor Iniciado!!!
[INFO] 12:28:21:880 MEMORIA/(19831:19831): Esperando Cliente...
[INFO] 12:28:32:207 MEMORIA/(19881:19881): Leyendo archivo de configuracion:
[INFO] 12:28:32:211 MEMORIA/(19881:19881): TAM_MEMORIA: 10240
[INFO] 12:28:32:212 MEMORIA/(19881:19881): TAM_PAGINA: 256
[INFO] 12:28:32:212 MEMORIA/(19881:19881): ENTRADAS_POR_TABLA: 4
[INFO] 12:28:32:212 MEMORIA/(19881:19881): RETARDO_MEMORIA: 500
[INFO] 12:28:32:212 MEMORIA/(19881:19881): RETARDO_SWAP: 1000
[INFO] 12:28:32:212 MEMORIA/(19881:19881): MARCOS_POR_PROCESO: 4
[INFO] 12:28:32:212 MEMORIA/(19881:19881): PUERTO_ESCUCHA: 8002
[INFO] 12:28:32:212 MEMORIA/(19881:19881): ALGORITMO_REEMPLAZO: CLOCK-M
[INFO] 12:28:32:212 MEMORIA/(19881:19881): PATH_SWAP: /home/utnso/swap
[INFO] 12:28:32:212 MEMORIA/(19881:19881): Listo!

[INFO] 12:28:32:212 MEMORIA/(19881:19881): Memoria principal creada
[INFO] 12:28:32:212 MEMORIA/(19881:19881): Tabla de planificacion de 40 marcos creada
[INFO] 12:28:32:214 MEMORIA/(19881:19881): Vector de punteros de planificacion para 10 grupos de marcos creado
[INFO] 12:28:32:214 MEMORIA/(19881:19881): Iniciando Conexiones...
[INFO] 12:28:32:215 MEMORIA/(19881:19881): Iniciando servidor...
[INFO] 12:28:32:215 MEMORIA/(19881:19881): Servidor Iniciado!!!
[INFO] 12:28:32:216 MEMORIA/(19881:19881): Esperando Cliente...
[INFO] 12:28:35:770 MEMORIA/(19881:19881): Se conecto el CPU!!!
[INFO] 12:28:36:775 MEMORIA/(19881:19881): Esperando Cliente...
[INFO] 12:28:59:799 MEMORIA/(19881:19881): Se conecto el KERNEL!!!
[INFO] 12:29:41:256 MEMORIA/(20087:20087): Leyendo archivo de configuracion:
[INFO] 12:29:41:257 MEMORIA/(20087:20087): TAM_MEMORIA: 10240
[INFO] 12:29:41:257 MEMORIA/(20087:20087): TAM_PAGINA: 256
[INFO] 12:29:41:257 MEMORIA/(20087:20087): ENTRADAS_POR_TABLA: 4
[INFO] 12:29:41:257 MEMORIA/(20087:20087): RETARDO_MEMORIA: 500
[INFO] 12:29:41:257 MEMORIA/(20087:20087): RETARDO_SWAP: 1000
[INFO] 12:29:41:257 MEMORIA/(20087:20087): MARCOS_POR_PROCESO: 4
[INFO] 12:29:41:257 MEMORIA/(20087:20087): PUERTO_ESCUCHA: 8002
[INFO] 12:29:41:257 MEMORIA/(20087:20087): ALGORITMO_REEMPLAZO: CLOCK-M
[INFO] 12:29:41:257 MEMORIA/(20087:20087): PATH_SWAP: /home/utnso/swap
[INFO] 12:29:41:257 MEMORIA/(20087:20087): Listo!

[INFO] 12:29:41:257 MEMORIA/(20087:20087): Memoria principal creada
[INFO] 12:29:41:257 MEMORIA/(20087:20087): Tabla de planificacion de 40 marcos creada
[INFO] 12:29:41:257 MEMORIA/(20087:20087): Vector de punteros de planificacion para 10 grupos de marcos creado
[INFO] 12:29:41:257 MEMORIA/(20087:20087): Iniciando Conexiones...
[INFO] 12:29:41:257 MEMORIA/(20087:20087): Iniciando servidor...
[INFO] 12:29:41:258 MEMORIA/(20087:20087): Servidor Iniciado!!!
[INFO] 12:29:41:258 MEMORIA/(20087:20087): Esperando Cliente...
[INFO] 12:30:05:988 MEMORIA/(20087:20087): Se conecto el KERNEL!!!
[INFO] 12:30:06:994 MEMORIA/(20087:20087): Esperando Cliente...
[INFO] 12:30:10:708 MEMORIA/(20087:20087): Se conecto el CPU!!!
