[INFO] 11:51:59:875 INTERRUPT/(16928:16931): Iniciando conexion INTERRUPT
[INFO] 11:53:04:050 INTERRUPT/(16928:16931): Conexion Establecida!!!
[INFO] 11:53:10:083 INTERRUPT/(16928:16931): El KERNEL ha solicitado una interrupcion
[WARNING] 11:53:10:769 INTERRUPT/(16928:16930): Se detecto una interrupcion!!!
[INFO] 11:53:10:769 INTERRUPT/(16928:16930): Enviando PCB del PID 1...
[INFO] 11:53:10:962 INTERRUPT/(16928:16931): El KERNEL ha solicitado una interrupcion
[WARNING] 11:53:11:840 INTERRUPT/(16928:16930): Se detecto una interrupcion!!!
[INFO] 11:53:11:841 INTERRUPT/(16928:16930): Enviando PCB del PID 1...
[INFO] 11:53:21:150 INTERRUPT/(16928:16931): El KERNEL ha solicitado una interrupcion
[WARNING] 11:53:21:818 INTERRUPT/(16928:16930): Se detecto una interrupcion!!!
[INFO] 11:53:21:818 INTERRUPT/(16928:16930): Enviando PCB del PID 3...
[INFO] 11:53:29:841 INTERRUPT/(16928:16931): El KERNEL ha solicitado una interrupcion
[WARNING] 11:53:31:074 INTERRUPT/(16928:16930): Se detecto una interrupcion!!!
[INFO] 11:53:31:074 INTERRUPT/(16928:16930): Enviando PCB del PID 3...
[INFO] 11:55:09:896 INTERRUPT/(17336:17339): Iniciando conexion INTERRUPT
[INFO] 11:55:16:645 INTERRUPT/(17336:17339): Conexion Establecida!!!
[INFO] 11:55:21:802 INTERRUPT/(17336:17339): El KERNEL ha solicitado una interrupcion
[WARNING] 11:55:22:327 INTERRUPT/(17336:17338): Se detecto una interrupcion!!!
[INFO] 11:55:22:327 INTERRUPT/(17336:17338): Enviando PCB del PID 1...
[INFO] 11:55:22:643 INTERRUPT/(17336:17339): El KERNEL ha solicitado una interrupcion
[WARNING] 11:55:23:443 INTERRUPT/(17336:17338): Se detecto una interrupcion!!!
[INFO] 11:55:23:443 INTERRUPT/(17336:17338): Enviando PCB del PID 1...
[INFO] 11:55:32:639 INTERRUPT/(17336:17339): El KERNEL ha solicitado una interrupcion
[WARNING] 11:55:33:061 INTERRUPT/(17336:17338): Se detecto una interrupcion!!!
[INFO] 11:55:33:061 INTERRUPT/(17336:17338): Enviando PCB del PID 3...
[INFO] 11:55:40:015 INTERRUPT/(17336:17339): El KERNEL ha solicitado una interrupcion
[WARNING] 11:55:40:708 INTERRUPT/(17336:17338): Se detecto una interrupcion!!!
[INFO] 11:55:40:708 INTERRUPT/(17336:17338): Enviando PCB del PID 3...
[INFO] 11:55:47:120 INTERRUPT/(17336:17339): El KERNEL ha solicitado una interrupcion
[WARNING] 11:55:48:991 INTERRUPT/(17336:17338): Se detecto una interrupcion!!!
[INFO] 11:55:48:991 INTERRUPT/(17336:17338): Enviando PCB del PID 3...
[INFO] 11:55:49:208 INTERRUPT/(17336:17339): El KERNEL ha solicitado una interrupcion
[WARNING] 11:55:49:211 INTERRUPT/(17336:17338): Se detecto una interrupcion!!!
[INFO] 11:55:49:212 INTERRUPT/(17336:17338): Enviando PCB del PID 3...
[INFO] 11:55:49:367 INTERRUPT/(17336:17339): El KERNEL ha solicitado una interrupcion
[WARNING] 11:55:51:265 INTERRUPT/(17336:17338): Se detecto una interrupcion!!!
[INFO] 11:55:51:265 INTERRUPT/(17336:17338): Enviando PCB del PID 3...
[INFO] 11:55:51:400 INTERRUPT/(17336:17339): El KERNEL ha solicitado una interrupcion
[WARNING] 11:55:53:295 INTERRUPT/(17336:17338): Se detecto una interrupcion!!!
[INFO] 11:55:53:295 INTERRUPT/(17336:17338): Enviando PCB del PID 3...
[INFO] 11:55:53:444 INTERRUPT/(17336:17339): El KERNEL ha solicitado una interrupcion
[WARNING] 11:55:55:497 INTERRUPT/(17336:17338): Se detecto una interrupcion!!!
[INFO] 11:55:55:497 INTERRUPT/(17336:17338): Enviando PCB del PID 3...
[INFO] 11:55:55:704 INTERRUPT/(17336:17339): El KERNEL ha solicitado una interrupcion
[WARNING] 11:55:57:670 INTERRUPT/(17336:17338): Se detecto una interrupcion!!!
[INFO] 11:55:57:670 INTERRUPT/(17336:17338): Enviando PCB del PID 3...
[INFO] 11:57:53:185 INTERRUPT/(17336:17339): El KERNEL ha solicitado una interrupcion
[WARNING] 11:57:54:088 INTERRUPT/(17336:17338): Se detecto una interrupcion!!!
[INFO] 11:57:54:088 INTERRUPT/(17336:17338): Enviando PCB del PID 5...
[INFO] 11:57:54:466 INTERRUPT/(17336:17339): El KERNEL ha solicitado una interrupcion
[WARNING] 11:57:54:545 INTERRUPT/(17336:17338): Se detecto una interrupcion!!!
[INFO] 11:57:54:545 INTERRUPT/(17336:17338): Enviando PCB del PID 5...
[INFO] 11:57:54:718 INTERRUPT/(17336:17339): El KERNEL ha solicitado una interrupcion
[WARNING] 11:57:54:723 INTERRUPT/(17336:17338): Se detecto una interrupcion!!!
[INFO] 11:57:54:724 INTERRUPT/(17336:17338): Enviando PCB del PID 5...
[INFO] 11:57:55:042 INTERRUPT/(17336:17339): El KERNEL ha solicitado una interrupcion
[WARNING] 11:57:55:940 INTERRUPT/(17336:17338): Se detecto una interrupcion!!!
[INFO] 11:57:55:940 INTERRUPT/(17336:17338): Enviando PCB del PID 5...
[INFO] 11:57:57:404 INTERRUPT/(17336:17339): El KERNEL ha solicitado una interrupcion
[WARNING] 11:57:58:255 INTERRUPT/(17336:17338): Se detecto una interrupcion!!!
[INFO] 11:57:58:255 INTERRUPT/(17336:17338): Enviando PCB del PID 5...
[INFO] 12:17:56:805 INTERRUPT/(18833:18836): Iniciando conexion INTERRUPT
[INFO] 12:18:00:291 INTERRUPT/(18833:18836): Conexion Establecida!!!
[INFO] 12:18:08:694 INTERRUPT/(18833:18836): El KERNEL ha solicitado una interrupcion
[WARNING] 12:18:09:484 INTERRUPT/(18833:18835): Se detecto una interrupcion!!!
[INFO] 12:18:09:485 INTERRUPT/(18833:18835): Enviando PCB del PID 1...
[INFO] 12:18:09:761 INTERRUPT/(18833:18836): El KERNEL ha solicitado una interrupcion
[WARNING] 12:18:10:777 INTERRUPT/(18833:18835): Se detecto una interrupcion!!!
[INFO] 12:18:10:779 INTERRUPT/(18833:18835): Enviando PCB del PID 1...
[INFO] 12:18:11:001 INTERRUPT/(18833:18836): El KERNEL ha solicitado una interrupcion
[WARNING] 12:18:11:003 INTERRUPT/(18833:18835): Se detecto una interrupcion!!!
[INFO] 12:18:11:004 INTERRUPT/(18833:18835): Enviando PCB del PID 1...
[INFO] 12:18:20:332 INTERRUPT/(18833:18836): El KERNEL ha solicitado una interrupcion
[WARNING] 12:18:20:689 INTERRUPT/(18833:18835): Se detecto una interrupcion!!!
[INFO] 12:18:20:689 INTERRUPT/(18833:18835): Enviando PCB del PID 3...
[INFO] 12:18:27:654 INTERRUPT/(18833:18836): El KERNEL ha solicitado una interrupcion
[WARNING] 12:18:28:316 INTERRUPT/(18833:18835): Se detecto una interrupcion!!!
[INFO] 12:18:28:316 INTERRUPT/(18833:18835): Enviando PCB del PID 3...
[INFO] 12:18:34:787 INTERRUPT/(18833:18836): El KERNEL ha solicitado una interrupcion
[WARNING] 12:18:36:747 INTERRUPT/(18833:18835): Se detecto una interrupcion!!!
[INFO] 12:18:36:747 INTERRUPT/(18833:18835): Enviando PCB del PID 3...
[INFO] 12:18:36:886 INTERRUPT/(18833:18836): El KERNEL ha solicitado una interrupcion
[WARNING] 12:18:38:834 INTERRUPT/(18833:18835): Se detecto una interrupcion!!!
[INFO] 12:18:38:834 INTERRUPT/(18833:18835): Enviando PCB del PID 3...
[INFO] 12:18:38:972 INTERRUPT/(18833:18836): El KERNEL ha solicitado una interrupcion
[WARNING] 12:18:40:904 INTERRUPT/(18833:18835): Se detecto una interrupcion!!!
[INFO] 12:18:40:904 INTERRUPT/(18833:18835): Enviando PCB del PID 3...
[INFO] 12:18:41:124 INTERRUPT/(18833:18836): El KERNEL ha solicitado una interrupcion
[WARNING] 12:18:43:055 INTERRUPT/(18833:18835): Se detecto una interrupcion!!!
[INFO] 12:18:43:055 INTERRUPT/(18833:18835): Enviando PCB del PID 3...
[INFO] 12:18:43:265 INTERRUPT/(18833:18836): El KERNEL ha solicitado una interrupcion
[WARNING] 12:18:45:186 INTERRUPT/(18833:18835): Se detecto una interrupcion!!!
[INFO] 12:18:45:186 INTERRUPT/(18833:18835): Enviando PCB del PID 3...
[INFO] 12:18:45:363 INTERRUPT/(18833:18836): El KERNEL ha solicitado una interrupcion
[WARNING] 12:18:47:299 INTERRUPT/(18833:18835): Se detecto una interrupcion!!!
[INFO] 12:18:47:299 INTERRUPT/(18833:18835): Enviando PCB del PID 3...
[INFO] 12:20:41:959 INTERRUPT/(18833:18836): El KERNEL ha solicitado una interrupcion
[WARNING] 12:20:42:867 INTERRUPT/(18833:18835): Se detecto una interrupcion!!!
[INFO] 12:20:42:868 INTERRUPT/(18833:18835): Enviando PCB del PID 5...
[INFO] 12:20:43:425 INTERRUPT/(18833:18836): El KERNEL ha solicitado una interrupcion
[WARNING] 12:20:44:338 INTERRUPT/(18833:18835): Se detecto una interrupcion!!!
[INFO] 12:20:44:339 INTERRUPT/(18833:18835): Enviando PCB del PID 5...
[INFO] 12:20:45:744 INTERRUPT/(18833:18836): El KERNEL ha solicitado una interrupcion
[WARNING] 12:20:46:666 INTERRUPT/(18833:18835): Se detecto una interrupcion!!!
[INFO] 12:20:46:666 INTERRUPT/(18833:18835): Enviando PCB del PID 5...
[INFO] 12:20:47:271 INTERRUPT/(18833:18836): El KERNEL ha solicitado una interrupcion
[WARNING] 12:20:48:204 INTERRUPT/(18833:18835): Se detecto una interrupcion!!!
[INFO] 12:20:48:213 INTERRUPT/(18833:18835): Enviando PCB del PID 5...
[INFO] 12:20:48:610 INTERRUPT/(18833:18836): El KERNEL ha solicitado una interrupcion
[WARNING] 12:20:48:635 INTERRUPT/(18833:18835): Se detecto una interrupcion!!!
[INFO] 12:20:48:636 INTERRUPT/(18833:18835): Enviando PCB del PID 5...
[INFO] 12:20:48:904 INTERRUPT/(18833:18836): El KERNEL ha solicitado una interrupcion
[WARNING] 12:20:48:991 INTERRUPT/(18833:18835): Se detecto una interrupcion!!!
[INFO] 12:20:48:992 INTERRUPT/(18833:18835): Enviando PCB del PID 4...
[INFO] 12:20:49:995 INTERRUPT/(18833:18836): El KERNEL ha solicitado una interrupcion
[WARNING] 12:20:50:009 INTERRUPT/(18833:18835): Se detecto una interrupcion!!!
[INFO] 12:20:50:011 INTERRUPT/(18833:18835): Enviando PCB del PID 5...
[INFO] 12:28:35:825 INTERRUPT/(19905:19909): Iniciando conexion INTERRUPT
[INFO] 12:28:59:802 INTERRUPT/(19905:19909): Conexion Establecida!!!
[INFO] 12:30:10:709 INTERRUPT/(20235:20238): Iniciando conexion INTERRUPT
[INFO] 12:30:10:998 INTERRUPT/(20235:20238): Conexion Establecida!!!
[INFO] 12:30:17:273 INTERRUPT/(20235:20238): El KERNEL ha solicitado una interrupcion
[WARNING] 12:30:17:912 INTERRUPT/(20235:20237): Se detecto una interrupcion!!!
[INFO] 12:30:17:912 INTERRUPT/(20235:20237): Enviando PCB del PID 1...
[INFO] 12:30:18:001 INTERRUPT/(20235:20238): El KERNEL ha solicitado una interrupcion
[WARNING] 12:30:18:093 INTERRUPT/(20235:20237): Se detecto una interrupcion!!!
[INFO] 12:30:18:093 INTERRUPT/(20235:20237): Enviando PCB del PID 1...
[INFO] 12:30:18:858 INTERRUPT/(20235:20238): El KERNEL ha solicitado una interrupcion
[WARNING] 12:30:19:234 INTERRUPT/(20235:20237): Se detecto una interrupcion!!!
[INFO] 12:30:19:234 INTERRUPT/(20235:20237): Enviando PCB del PID 1...
[INFO] 12:30:19:492 INTERRUPT/(20235:20238): El KERNEL ha solicitado una interrupcion
[WARNING] 12:30:20:439 INTERRUPT/(20235:20237): Se detecto una interrupcion!!!
[INFO] 12:30:20:439 INTERRUPT/(20235:20237): Enviando PCB del PID 1...
[INFO] 12:30:28:554 INTERRUPT/(20235:20238): El KERNEL ha solicitado una interrupcion
[WARNING] 12:30:28:822 INTERRUPT/(20235:20237): Se detecto una interrupcion!!!
[INFO] 12:30:28:822 INTERRUPT/(20235:20237): Enviando PCB del PID 4...
[INFO] 12:30:32:881 INTERRUPT/(20235:20238): El KERNEL ha solicitado una interrupcion
[WARNING] 12:30:33:295 INTERRUPT/(20235:20237): Se detecto una interrupcion!!!
[INFO] 12:30:33:295 INTERRUPT/(20235:20237): Enviando PCB del PID 4...
[INFO] 12:30:33:411 INTERRUPT/(20235:20238): El KERNEL ha solicitado una interrupcion
[WARNING] 12:30:34:365 INTERRUPT/(20235:20237): Se detecto una interrupcion!!!
[INFO] 12:30:34:365 INTERRUPT/(20235:20237): Enviando PCB del PID 4...
[INFO] 12:30:34:493 INTERRUPT/(20235:20238): El KERNEL ha solicitado una interrupcion
[WARNING] 12:30:35:378 INTERRUPT/(20235:20237): Se detecto una interrupcion!!!
[INFO] 12:30:35:379 INTERRUPT/(20235:20237): Enviando PCB del PID 4...
[INFO] 12:30:35:532 INTERRUPT/(20235:20238): El KERNEL ha solicitado una interrupcion
[WARNING] 12:30:36:503 INTERRUPT/(20235:20237): Se detecto una interrupcion!!!
[INFO] 12:30:36:503 INTERRUPT/(20235:20237): Enviando PCB del PID 4...
[INFO] 12:30:36:618 INTERRUPT/(20235:20238): El KERNEL ha solicitado una interrupcion
[WARNING] 12:30:38:542 INTERRUPT/(20235:20237): Se detecto una interrupcion!!!
[INFO] 12:30:38:542 INTERRUPT/(20235:20237): Enviando PCB del PID 4...
[INFO] 12:30:38:691 INTERRUPT/(20235:20238): El KERNEL ha solicitado una interrupcion
[WARNING] 12:30:39:596 INTERRUPT/(20235:20237): Se detecto una interrupcion!!!
[INFO] 12:30:39:596 INTERRUPT/(20235:20237): Enviando PCB del PID 2...
[INFO] 12:30:39:707 INTERRUPT/(20235:20238): El KERNEL ha solicitado una interrupcion
[WARNING] 12:30:40:686 INTERRUPT/(20235:20237): Se detecto una interrupcion!!!
[INFO] 12:30:40:686 INTERRUPT/(20235:20237): Enviando PCB del PID 2...
[INFO] 12:30:40:848 INTERRUPT/(20235:20238): El KERNEL ha solicitado una interrupcion
[WARNING] 12:30:41:759 INTERRUPT/(20235:20237): Se detecto una interrupcion!!!
[INFO] 12:30:41:759 INTERRUPT/(20235:20237): Enviando PCB del PID 2...
[INFO] 12:30:41:893 INTERRUPT/(20235:20238): El KERNEL ha solicitado una interrupcion
[WARNING] 12:30:42:808 INTERRUPT/(20235:20237): Se detecto una interrupcion!!!
[INFO] 12:30:42:808 INTERRUPT/(20235:20237): Enviando PCB del PID 2...
[INFO] 12:30:42:942 INTERRUPT/(20235:20238): El KERNEL ha solicitado una interrupcion
[WARNING] 12:30:44:853 INTERRUPT/(20235:20237): Se detecto una interrupcion!!!
[INFO] 12:30:44:853 INTERRUPT/(20235:20237): Enviando PCB del PID 2...
[INFO] 12:30:45:006 INTERRUPT/(20235:20238): El KERNEL ha solicitado una interrupcion
[WARNING] 12:30:46:986 INTERRUPT/(20235:20237): Se detecto una interrupcion!!!
[INFO] 12:30:46:986 INTERRUPT/(20235:20237): Enviando PCB del PID 4...
[INFO] 12:30:47:136 INTERRUPT/(20235:20238): El KERNEL ha solicitado una interrupcion
[WARNING] 12:30:49:068 INTERRUPT/(20235:20237): Se detecto una interrupcion!!!
[INFO] 12:30:49:069 INTERRUPT/(20235:20237): Enviando PCB del PID 4...
[INFO] 12:30:49:177 INTERRUPT/(20235:20238): El KERNEL ha solicitado una interrupcion
[WARNING] 12:30:51:089 INTERRUPT/(20235:20237): Se detecto una interrupcion!!!
[INFO] 12:30:51:089 INTERRUPT/(20235:20237): Enviando PCB del PID 4...
[INFO] 12:30:51:381 INTERRUPT/(20235:20238): El KERNEL ha solicitado una interrupcion
[WARNING] 12:30:53:186 INTERRUPT/(20235:20237): Se detecto una interrupcion!!!
[INFO] 12:30:53:186 INTERRUPT/(20235:20237): Enviando PCB del PID 4...
[INFO] 12:30:53:338 INTERRUPT/(20235:20238): El KERNEL ha solicitado una interrupcion
[WARNING] 12:30:55:244 INTERRUPT/(20235:20237): Se detecto una interrupcion!!!
[INFO] 12:30:55:244 INTERRUPT/(20235:20237): Enviando PCB del PID 4...
[INFO] 12:30:55:681 INTERRUPT/(20235:20238): El KERNEL ha solicitado una interrupcion
[WARNING] 12:30:55:733 INTERRUPT/(20235:20237): Se detecto una interrupcion!!!
[INFO] 12:30:55:733 INTERRUPT/(20235:20237): Enviando PCB del PID 4...
[INFO] 12:30:55:793 INTERRUPT/(20235:20238): El KERNEL ha solicitado una interrupcion
[WARNING] 12:30:55:797 INTERRUPT/(20235:20237): Se detecto una interrupcion!!!
[INFO] 12:30:55:797 INTERRUPT/(20235:20237): Enviando PCB del PID 2...
[INFO] 12:30:56:025 INTERRUPT/(20235:20238): El KERNEL ha solicitado una interrupcion
[WARNING] 12:30:57:883 INTERRUPT/(20235:20237): Se detecto una interrupcion!!!
[INFO] 12:30:57:883 INTERRUPT/(20235:20237): Enviando PCB del PID 4...
[INFO] 12:30:58:004 INTERRUPT/(20235:20238): El KERNEL ha solicitado una interrupcion
[WARNING] 12:30:59:894 INTERRUPT/(20235:20237): Se detecto una interrupcion!!!
[INFO] 12:30:59:894 INTERRUPT/(20235:20237): Enviando PCB del PID 4...
[INFO] 12:31:00:037 INTERRUPT/(20235:20238): El KERNEL ha solicitado una interrupcion
[WARNING] 12:31:02:162 INTERRUPT/(20235:20237): Se detecto una interrupcion!!!
[INFO] 12:31:02:162 INTERRUPT/(20235:20237): Enviando PCB del PID 4...
[INFO] 12:31:02:270 INTERRUPT/(20235:20238): El KERNEL ha solicitado una interrupcion
[WARNING] 12:31:04:174 INTERRUPT/(20235:20237): Se detecto una interrupcion!!!
[INFO] 12:31:04:174 INTERRUPT/(20235:20237): Enviando PCB del PID 4...
[INFO] 12:31:04:287 INTERRUPT/(20235:20238): El KERNEL ha solicitado una interrupcion
[WARNING] 12:31:06:205 INTERRUPT/(20235:20237): Se detecto una interrupcion!!!
[INFO] 12:31:06:205 INTERRUPT/(20235:20237): Enviando PCB del PID 4...
[INFO] 12:31:06:370 INTERRUPT/(20235:20238): El KERNEL ha solicitado una interrupcion
[WARNING] 12:31:06:373 INTERRUPT/(20235:20237): Se detecto una interrupcion!!!
[INFO] 12:31:06:373 INTERRUPT/(20235:20237): Enviando PCB del PID 4...
[INFO] 12:31:06:477 INTERRUPT/(20235:20238): El KERNEL ha solicitado una interrupcion
[WARNING] 12:31:08:393 INTERRUPT/(20235:20237): Se detecto una interrupcion!!!
[INFO] 12:31:08:393 INTERRUPT/(20235:20237): Enviando PCB del PID 4...
[INFO] 12:31:08:510 INTERRUPT/(20235:20238): El KERNEL ha solicitado una interrupcion
[WARNING] 12:31:10:413 INTERRUPT/(20235:20237): Se detecto una interrupcion!!!
[INFO] 12:31:10:413 INTERRUPT/(20235:20237): Enviando PCB del PID 4...
[INFO] 12:31:10:520 INTERRUPT/(20235:20238): El KERNEL ha solicitado una interrupcion
[WARNING] 12:31:12:443 INTERRUPT/(20235:20237): Se detecto una interrupcion!!!
[INFO] 12:31:12:443 INTERRUPT/(20235:20237): Enviando PCB del PID 4...
[INFO] 12:31:12:672 INTERRUPT/(20235:20238): El KERNEL ha solicitado una interrupcion
[WARNING] 12:31:14:589 INTERRUPT/(20235:20237): Se detecto una interrupcion!!!
[INFO] 12:31:14:589 INTERRUPT/(20235:20237): Enviando PCB del PID 4...
[INFO] 12:31:14:717 INTERRUPT/(20235:20238): El KERNEL ha solicitado una interrupcion
[WARNING] 12:31:16:638 INTERRUPT/(20235:20237): Se detecto una interrupcion!!!
[INFO] 12:31:16:638 INTERRUPT/(20235:20237): Enviando PCB del PID 4...
[INFO] 12:31:16:749 INTERRUPT/(20235:20238): El KERNEL ha solicitado una interrupcion
[WARNING] 12:31:18:675 INTERRUPT/(20235:20237): Se detecto una interrupcion!!!
[INFO] 12:31:18:675 INTERRUPT/(20235:20237): Enviando PCB del PID 4...
[INFO] 12:31:18:795 INTERRUPT/(20235:20238): El KERNEL ha solicitado una interrupcion
[WARNING] 12:31:20:690 INTERRUPT/(20235:20237): Se detecto una interrupcion!!!
[INFO] 12:31:20:690 INTERRUPT/(20235:20237): Enviando PCB del PID 4...
[INFO] 12:31:20:796 INTERRUPT/(20235:20238): El KERNEL ha solicitado una interrupcion
[WARNING] 12:31:22:702 INTERRUPT/(20235:20237): Se detecto una interrupcion!!!
[INFO] 12:31:22:702 INTERRUPT/(20235:20237): Enviando PCB del PID 4...
[INFO] 12:31:22:840 INTERRUPT/(20235:20238): El KERNEL ha solicitado una interrupcion
[WARNING] 12:31:24:717 INTERRUPT/(20235:20237): Se detecto una interrupcion!!!
[INFO] 12:31:24:717 INTERRUPT/(20235:20237): Enviando PCB del PID 4...
[INFO] 12:31:24:857 INTERRUPT/(20235:20238): El KERNEL ha solicitado una interrupcion
[WARNING] 12:31:26:746 INTERRUPT/(20235:20237): Se detecto una interrupcion!!!
[INFO] 12:31:26:746 INTERRUPT/(20235:20237): Enviando PCB del PID 4...
[INFO] 12:32:50:907 INTERRUPT/(20235:20238): El KERNEL ha solicitado una interrupcion
[WARNING] 12:32:51:738 INTERRUPT/(20235:20237): Se detecto una interrupcion!!!
[INFO] 12:32:51:738 INTERRUPT/(20235:20237): Enviando PCB del PID 6...
[INFO] 12:32:53:090 INTERRUPT/(20235:20238): El KERNEL ha solicitado una interrupcion
[WARNING] 12:32:54:086 INTERRUPT/(20235:20237): Se detecto una interrupcion!!!
[INFO] 12:32:54:086 INTERRUPT/(20235:20237): Enviando PCB del PID 6...
[INFO] 12:32:54:158 INTERRUPT/(20235:20238): El KERNEL ha solicitado una interrupcion
[WARNING] 12:32:54:158 INTERRUPT/(20235:20237): Se detecto una interrupcion!!!
[INFO] 12:32:54:158 INTERRUPT/(20235:20237): Enviando PCB del PID 6...
[INFO] 12:33:02:246 INTERRUPT/(20235:20238): El KERNEL ha solicitado una interrupcion
[WARNING] 12:33:02:957 INTERRUPT/(20235:20237): Se detecto una interrupcion!!!
[INFO] 12:33:02:957 INTERRUPT/(20235:20237): Enviando PCB del PID 8...
[INFO] 12:33:09:892 INTERRUPT/(20235:20238): El KERNEL ha solicitado una interrupcion
[WARNING] 12:33:10:419 INTERRUPT/(20235:20237): Se detecto una interrupcion!!!
[INFO] 12:33:10:419 INTERRUPT/(20235:20237): Enviando PCB del PID 8...
[INFO] 12:33:16:746 INTERRUPT/(20235:20238): El KERNEL ha solicitado una interrupcion
[WARNING] 12:33:18:654 INTERRUPT/(20235:20237): Se detecto una interrupcion!!!
[INFO] 12:33:18:654 INTERRUPT/(20235:20237): Enviando PCB del PID 8...
[INFO] 12:33:18:800 INTERRUPT/(20235:20238): El KERNEL ha solicitado una interrupcion
[WARNING] 12:33:20:714 INTERRUPT/(20235:20237): Se detecto una interrupcion!!!
[INFO] 12:33:20:714 INTERRUPT/(20235:20237): Enviando PCB del PID 8...
[INFO] 12:33:20:839 INTERRUPT/(20235:20238): El KERNEL ha solicitado una interrupcion
[WARNING] 12:33:22:738 INTERRUPT/(20235:20237): Se detecto una interrupcion!!!
[INFO] 12:33:22:738 INTERRUPT/(20235:20237): Enviando PCB del PID 8...
[INFO] 12:33:22:927 INTERRUPT/(20235:20238): El KERNEL ha solicitado una interrupcion
[WARNING] 12:33:24:831 INTERRUPT/(20235:20237): Se detecto una interrupcion!!!
[INFO] 12:33:24:831 INTERRUPT/(20235:20237): Enviando PCB del PID 8...
[INFO] 12:33:24:956 INTERRUPT/(20235:20238): El KERNEL ha solicitado una interrupcion
[WARNING] 12:33:26:870 INTERRUPT/(20235:20237): Se detecto una interrupcion!!!
[INFO] 12:33:26:870 INTERRUPT/(20235:20237): Enviando PCB del PID 8...
[INFO] 12:33:26:995 INTERRUPT/(20235:20238): El KERNEL ha solicitado una interrupcion
[WARNING] 12:33:28:904 INTERRUPT/(20235:20237): Se detecto una interrupcion!!!
[INFO] 12:33:28:904 INTERRUPT/(20235:20237): Enviando PCB del PID 8...
[INFO] 12:35:21:291 INTERRUPT/(20235:20238): El KERNEL ha solicitado una interrupcion
[WARNING] 12:35:22:155 INTERRUPT/(20235:20237): Se detecto una interrupcion!!!
[INFO] 12:35:22:155 INTERRUPT/(20235:20237): Enviando PCB del PID 10...
[INFO] 12:35:22:752 INTERRUPT/(20235:20238): El KERNEL ha solicitado una interrupcion
[WARNING] 12:35:22:754 INTERRUPT/(20235:20237): Se detecto una interrupcion!!!
[INFO] 12:35:22:754 INTERRUPT/(20235:20237): Enviando PCB del PID 9...
[INFO] 12:35:23:881 INTERRUPT/(20235:20238): El KERNEL ha solicitado una interrupcion
[WARNING] 12:35:24:776 INTERRUPT/(20235:20237): Se detecto una interrupcion!!!
[INFO] 12:35:24:776 INTERRUPT/(20235:20237): Enviando PCB del PID 10...
[INFO] 12:35:25:497 INTERRUPT/(20235:20238): El KERNEL ha solicitado una interrupcion
[WARNING] 12:35:25:501 INTERRUPT/(20235:20237): Se detecto una interrupcion!!!
[INFO] 12:35:25:501 INTERRUPT/(20235:20237): Enviando PCB del PID 10...
[INFO] 12:35:26:284 INTERRUPT/(20235:20238): El KERNEL ha solicitado una interrupcion
[WARNING] 12:35:27:190 INTERRUPT/(20235:20237): Se detecto una interrupcion!!!
[INFO] 12:35:27:190 INTERRUPT/(20235:20237): Enviando PCB del PID 10...
[INFO] 12:35:27:731 INTERRUPT/(20235:20238): El KERNEL ha solicitado una interrupcion
[WARNING] 12:35:28:603 INTERRUPT/(20235:20237): Se detecto una interrupcion!!!
[INFO] 12:35:28:603 INTERRUPT/(20235:20237): Enviando PCB del PID 10...
[INFO] 12:35:29:227 INTERRUPT/(20235:20238): El KERNEL ha solicitado una interrupcion
[WARNING] 12:35:29:231 INTERRUPT/(20235:20237): Se detecto una interrupcion!!!
[INFO] 12:35:29:232 INTERRUPT/(20235:20237): Enviando PCB del PID 10...
[INFO] 12:35:30:883 INTERRUPT/(20235:20238): El KERNEL ha solicitado una interrupcion
[WARNING] 12:35:30:890 INTERRUPT/(20235:20237): Se detecto una interrupcion!!!
[INFO] 12:35:30:892 INTERRUPT/(20235:20237): Enviando PCB del PID 10...
[INFO] 12:35:31:128 INTERRUPT/(20235:20238): El KERNEL ha solicitado una interrupcion
[WARNING] 12:35:31:128 INTERRUPT/(20235:20237): Se detecto una interrupcion!!!
[INFO] 12:35:31:128 INTERRUPT/(20235:20237): Enviando PCB del PID 10...
[INFO] 12:36:13:463 INTERRUPT/(20235:20238): El KERNEL ha solicitado una interrupcion
[WARNING] 12:36:14:082 INTERRUPT/(20235:20237): Se detecto una interrupcion!!!
[INFO] 12:36:14:082 INTERRUPT/(20235:20237): Enviando PCB del PID 11...
[INFO] 12:36:14:804 INTERRUPT/(20235:20238): El KERNEL ha solicitado una interrupcion
[WARNING] 12:36:15:163 INTERRUPT/(20235:20237): Se detecto una interrupcion!!!
[INFO] 12:36:15:163 INTERRUPT/(20235:20237): Enviando PCB del PID 11...
[INFO] 12:36:15:347 INTERRUPT/(20235:20238): El KERNEL ha solicitado una interrupcion
[WARNING] 12:36:16:801 INTERRUPT/(20235:20237): Se detecto una interrupcion!!!
[INFO] 12:36:16:802 INTERRUPT/(20235:20237): Enviando PCB del PID 11...
[INFO] 12:36:24:889 INTERRUPT/(20235:20238): El KERNEL ha solicitado una interrupcion
[WARNING] 12:36:25:029 INTERRUPT/(20235:20237): Se detecto una interrupcion!!!
[INFO] 12:36:25:029 INTERRUPT/(20235:20237): Enviando PCB del PID 13...
[INFO] 12:36:34:041 INTERRUPT/(20235:20238): El KERNEL ha solicitado una interrupcion
[WARNING] 12:36:34:043 INTERRUPT/(20235:20237): Se detecto una interrupcion!!!
[INFO] 12:36:34:046 INTERRUPT/(20235:20237): Enviando PCB del PID 13...
[INFO] 12:36:40:403 INTERRUPT/(20235:20238): El KERNEL ha solicitado una interrupcion
[WARNING] 12:36:40:405 INTERRUPT/(20235:20237): Se detecto una interrupcion!!!
[INFO] 12:36:40:405 INTERRUPT/(20235:20237): Enviando PCB del PID 13...
[INFO] 12:36:40:579 INTERRUPT/(20235:20238): El KERNEL ha solicitado una interrupcion
[WARNING] 12:36:40:626 INTERRUPT/(20235:20237): Se detecto una interrupcion!!!
[INFO] 12:36:40:626 INTERRUPT/(20235:20237): Enviando PCB del PID 13...
[INFO] 12:36:40:759 INTERRUPT/(20235:20238): El KERNEL ha solicitado una interrupcion
[WARNING] 12:36:40:801 INTERRUPT/(20235:20237): Se detecto una interrupcion!!!
[INFO] 12:36:40:801 INTERRUPT/(20235:20237): Enviando PCB del PID 13...
[INFO] 12:36:41:047 INTERRUPT/(20235:20238): El KERNEL ha solicitado una interrupcion
[WARNING] 12:36:41:066 INTERRUPT/(20235:20237): Se detecto una interrupcion!!!
[INFO] 12:36:41:066 INTERRUPT/(20235:20237): Enviando PCB del PID 13...
[INFO] 12:36:41:254 INTERRUPT/(20235:20238): El KERNEL ha solicitado una interrupcion
[WARNING] 12:36:41:258 INTERRUPT/(20235:20237): Se detecto una interrupcion!!!
[INFO] 12:36:41:258 INTERRUPT/(20235:20237): Enviando PCB del PID 13...
[INFO] 12:36:41:512 INTERRUPT/(20235:20238): El KERNEL ha solicitado una interrupcion
[WARNING] 12:36:42:361 INTERRUPT/(20235:20237): Se detecto una interrupcion!!!
[INFO] 12:36:42:361 INTERRUPT/(20235:20237): Enviando PCB del PID 15...
[INFO] 12:36:43:239 INTERRUPT/(20235:20238): El KERNEL ha solicitado una interrupcion
[WARNING] 12:36:44:116 INTERRUPT/(20235:20237): Se detecto una interrupcion!!!
[INFO] 12:36:44:116 INTERRUPT/(20235:20237): Enviando PCB del PID 15...
[INFO] 12:36:44:958 INTERRUPT/(20235:20238): El KERNEL ha solicitado una interrupcion
[WARNING] 12:36:44:962 INTERRUPT/(20235:20237): Se detecto una interrupcion!!!
[INFO] 12:36:44:963 INTERRUPT/(20235:20237): Enviando PCB del PID 15...
[INFO] 12:36:45:655 INTERRUPT/(20235:20238): El KERNEL ha solicitado una interrupcion
[WARNING] 12:36:46:564 INTERRUPT/(20235:20237): Se detecto una interrupcion!!!
[INFO] 12:36:46:564 INTERRUPT/(20235:20237): Enviando PCB del PID 15...
[INFO] 12:36:47:023 INTERRUPT/(20235:20238): El KERNEL ha solicitado una interrupcion
[WARNING] 12:36:47:921 INTERRUPT/(20235:20237): Se detecto una interrupcion!!!
[INFO] 12:36:47:922 INTERRUPT/(20235:20237): Enviando PCB del PID 15...
[INFO] 12:37:18:515 INTERRUPT/(20235:20238): El KERNEL ha solicitado una interrupcion
[WARNING] 12:37:19:094 INTERRUPT/(20235:20237): Se detecto una interrupcion!!!
[INFO] 12:37:19:094 INTERRUPT/(20235:20237): Enviando PCB del PID 16...
[INFO] 12:37:19:107 INTERRUPT/(20235:20238): El KERNEL ha solicitado una interrupcion
[WARNING] 12:37:19:107 INTERRUPT/(20235:20237): Se detecto una interrupcion!!!
[INFO] 12:37:19:107 INTERRUPT/(20235:20237): Enviando PCB del PID 16...
[INFO] 12:37:19:582 INTERRUPT/(20235:20238): El KERNEL ha solicitado una interrupcion
[WARNING] 12:37:20:133 INTERRUPT/(20235:20237): Se detecto una interrupcion!!!
[INFO] 12:37:20:133 INTERRUPT/(20235:20237): Enviando PCB del PID 16...
[INFO] 12:37:29:933 INTERRUPT/(20235:20238): El KERNEL ha solicitado una interrupcion
[WARNING] 12:37:30:436 INTERRUPT/(20235:20237): Se detecto una interrupcion!!!
[INFO] 12:37:30:436 INTERRUPT/(20235:20237): Enviando PCB del PID 18...
[INFO] 12:37:37:363 INTERRUPT/(20235:20238): El KERNEL ha solicitado una interrupcion
[WARNING] 12:40:42:189 INTERRUPT/(20235:20237): Se detecto una interrupcion!!!
[INFO] 12:40:42:189 INTERRUPT/(20235:20237): Enviando PCB del PID 18...
[INFO] 12:42:48:802 INTERRUPT/(21565:21568): Iniciando conexion INTERRUPT
[INFO] 12:42:55:097 INTERRUPT/(21565:21568): Conexion Establecida!!!
[INFO] 12:42:59:608 INTERRUPT/(21565:21568): El KERNEL ha solicitado una interrupcion
[WARNING] 12:43:00:336 INTERRUPT/(21565:21567): Se detecto una interrupcion!!!
[INFO] 12:43:00:337 INTERRUPT/(21565:21567): Enviando PCB del PID 1...
[INFO] 12:43:00:771 INTERRUPT/(21565:21568): El KERNEL ha solicitado una interrupcion
[WARNING] 12:43:01:358 INTERRUPT/(21565:21567): Se detecto una interrupcion!!!
[INFO] 12:43:01:358 INTERRUPT/(21565:21567): Enviando PCB del PID 1...
[INFO] 12:43:10:503 INTERRUPT/(21565:21568): El KERNEL ha solicitado una interrupcion
[WARNING] 12:43:10:609 INTERRUPT/(21565:21567): Se detecto una interrupcion!!!
[INFO] 12:43:10:609 INTERRUPT/(21565:21567): Enviando PCB del PID 3...
[INFO] 12:43:17:596 INTERRUPT/(21565:21568): El KERNEL ha solicitado una interrupcion
[WARNING] 12:43:17:951 INTERRUPT/(21565:21567): Se detecto una interrupcion!!!
[INFO] 12:43:17:951 INTERRUPT/(21565:21567): Enviando PCB del PID 3...
[INFO] 12:43:24:230 INTERRUPT/(21565:21568): El KERNEL ha solicitado una interrupcion
[WARNING] 12:43:26:140 INTERRUPT/(21565:21567): Se detecto una interrupcion!!!
[INFO] 12:43:26:141 INTERRUPT/(21565:21567): Enviando PCB del PID 3...
[INFO] 12:43:26:249 INTERRUPT/(21565:21568): El KERNEL ha solicitado una interrupcion
[WARNING] 12:43:28:163 INTERRUPT/(21565:21567): Se detecto una interrupcion!!!
[INFO] 12:43:28:163 INTERRUPT/(21565:21567): Enviando PCB del PID 3...
[INFO] 12:43:28:273 INTERRUPT/(21565:21568): El KERNEL ha solicitado una interrupcion
[WARNING] 12:43:30:175 INTERRUPT/(21565:21567): Se detecto una interrupcion!!!
[INFO] 12:43:30:175 INTERRUPT/(21565:21567): Enviando PCB del PID 3...
[INFO] 12:43:30:286 INTERRUPT/(21565:21568): El KERNEL ha solicitado una interrupcion
[WARNING] 12:43:32:203 INTERRUPT/(21565:21567): Se detecto una interrupcion!!!
[INFO] 12:43:32:204 INTERRUPT/(21565:21567): Enviando PCB del PID 3...
[INFO] 12:43:32:326 INTERRUPT/(21565:21568): El KERNEL ha solicitado una interrupcion
[WARNING] 12:43:34:220 INTERRUPT/(21565:21567): Se detecto una interrupcion!!!
[INFO] 12:43:34:220 INTERRUPT/(21565:21567): Enviando PCB del PID 3...
[INFO] 12:43:34:374 INTERRUPT/(21565:21568): El KERNEL ha solicitado una interrupcion
[WARNING] 12:43:36:270 INTERRUPT/(21565:21567): Se detecto una interrupcion!!!
[INFO] 12:43:36:270 INTERRUPT/(21565:21567): Enviando PCB del PID 3...
[INFO] 12:45:27:098 INTERRUPT/(21565:21568): El KERNEL ha solicitado una interrupcion
[WARNING] 12:45:28:024 INTERRUPT/(21565:21567): Se detecto una interrupcion!!!
[INFO] 12:45:28:024 INTERRUPT/(21565:21567): Enviando PCB del PID 5...
[INFO] 12:45:28:536 INTERRUPT/(21565:21568): El KERNEL ha solicitado una interrupcion
[WARNING] 12:45:29:438 INTERRUPT/(21565:21567): Se detecto una interrupcion!!!
[INFO] 12:45:29:438 INTERRUPT/(21565:21567): Enviando PCB del PID 5...
[INFO] 12:45:30:789 INTERRUPT/(21565:21568): El KERNEL ha solicitado una interrupcion
[WARNING] 12:45:31:694 INTERRUPT/(21565:21567): Se detecto una interrupcion!!!
[INFO] 12:45:31:694 INTERRUPT/(21565:21567): Enviando PCB del PID 5...
[INFO] 12:45:32:123 INTERRUPT/(21565:21568): El KERNEL ha solicitado una interrupcion
[WARNING] 12:45:33:018 INTERRUPT/(21565:21567): Se detecto una interrupcion!!!
[INFO] 12:45:33:018 INTERRUPT/(21565:21567): Enviando PCB del PID 5...
[INFO] 12:51:23:209 INTERRUPT/(21565:21568): El KERNEL ha solicitado una interrupcion
[WARNING] 12:51:23:814 INTERRUPT/(21565:21567): Se detecto una interrupcion!!!
[INFO] 12:51:23:816 INTERRUPT/(21565:21567): Enviando PCB del PID 6...
[INFO] 12:51:24:126 INTERRUPT/(21565:21568): El KERNEL ha solicitado una interrupcion
[WARNING] 12:51:24:853 INTERRUPT/(21565:21567): Se detecto una interrupcion!!!
[INFO] 12:51:24:853 INTERRUPT/(21565:21567): Enviando PCB del PID 6...
[INFO] 12:51:33:973 INTERRUPT/(21565:21568): El KERNEL ha solicitado una interrupcion
[WARNING] 12:51:34:110 INTERRUPT/(21565:21567): Se detecto una interrupcion!!!
[INFO] 12:51:34:110 INTERRUPT/(21565:21567): Enviando PCB del PID 8...
[INFO] 12:51:42:465 INTERRUPT/(21565:21568): El KERNEL ha solicitado una interrupcion
[WARNING] 12:51:43:366 INTERRUPT/(21565:21567): Se detecto una interrupcion!!!
[INFO] 12:51:43:366 INTERRUPT/(21565:21567): Enviando PCB del PID 10...
[INFO] 12:51:43:470 INTERRUPT/(21565:21568): El KERNEL ha solicitado una interrupcion
[WARNING] 12:51:44:388 INTERRUPT/(21565:21567): Se detecto una interrupcion!!!
[INFO] 12:51:44:388 INTERRUPT/(21565:21567): Enviando PCB del PID 7...
[INFO] 12:51:44:495 INTERRUPT/(21565:21568): El KERNEL ha solicitado una interrupcion
[WARNING] 12:51:45:402 INTERRUPT/(21565:21567): Se detecto una interrupcion!!!
[INFO] 12:51:45:402 INTERRUPT/(21565:21567): Enviando PCB del PID 7...
[INFO] 12:51:45:509 INTERRUPT/(21565:21568): El KERNEL ha solicitado una interrupcion
[WARNING] 12:51:46:419 INTERRUPT/(21565:21567): Se detecto una interrupcion!!!
[INFO] 12:51:46:419 INTERRUPT/(21565:21567): Enviando PCB del PID 7...
[INFO] 12:51:46:525 INTERRUPT/(21565:21568): El KERNEL ha solicitado una interrupcion
[WARNING] 12:51:48:434 INTERRUPT/(21565:21567): Se detecto una interrupcion!!!
[INFO] 12:51:48:434 INTERRUPT/(21565:21567): Enviando PCB del PID 7...
[INFO] 12:51:48:539 INTERRUPT/(21565:21568): El KERNEL ha solicitado una interrupcion
[WARNING] 12:51:50:467 INTERRUPT/(21565:21567): Se detecto una interrupcion!!!
[INFO] 12:51:50:467 INTERRUPT/(21565:21567): Enviando PCB del PID 7...
[INFO] 12:51:50:885 INTERRUPT/(21565:21568): El KERNEL ha solicitado una interrupcion
[WARNING] 12:51:51:788 INTERRUPT/(21565:21567): Se detecto una interrupcion!!!
[INFO] 12:51:51:788 INTERRUPT/(21565:21567): Enviando PCB del PID 10...
[INFO] 12:51:52:209 INTERRUPT/(21565:21568): El KERNEL ha solicitado una interrupcion
[WARNING] 12:51:53:119 INTERRUPT/(21565:21567): Se detecto una interrupcion!!!
[INFO] 12:51:53:119 INTERRUPT/(21565:21567): Enviando PCB del PID 10...
[INFO] 12:51:54:728 INTERRUPT/(21565:21568): El KERNEL ha solicitado una interrupcion
[WARNING] 12:51:55:630 INTERRUPT/(21565:21567): Se detecto una interrupcion!!!
[INFO] 12:51:55:631 INTERRUPT/(21565:21567): Enviando PCB del PID 10...
[INFO] 12:51:56:097 INTERRUPT/(21565:21568): El KERNEL ha solicitado una interrupcion
[WARNING] 12:51:56:983 INTERRUPT/(21565:21567): Se detecto una interrupcion!!!
[INFO] 12:51:56:983 INTERRUPT/(21565:21567): Enviando PCB del PID 10...
[INFO] 12:52:50:987 INTERRUPT/(21565:21568): El KERNEL ha solicitado una interrupcion
[WARNING] 12:52:51:526 INTERRUPT/(21565:21567): Se detecto una interrupcion!!!
[INFO] 12:52:51:526 INTERRUPT/(21565:21567): Enviando PCB del PID 11...
[INFO] 12:52:51:941 INTERRUPT/(21565:21568): El KERNEL ha solicitado una interrupcion
[WARNING] 12:52:52:683 INTERRUPT/(21565:21567): Se detecto una interrupcion!!!
[INFO] 12:52:52:683 INTERRUPT/(21565:21567): Enviando PCB del PID 11...
[INFO] 12:53:01:897 INTERRUPT/(21565:21568): El KERNEL ha solicitado una interrupcion
[WARNING] 12:53:02:004 INTERRUPT/(21565:21567): Se detecto una interrupcion!!!
[INFO] 12:53:02:004 INTERRUPT/(21565:21567): Enviando PCB del PID 12...
[INFO] 12:53:14:255 INTERRUPT/(21565:21568): El KERNEL ha solicitado una interrupcion
[WARNING] 12:53:15:224 INTERRUPT/(21565:21567): Se detecto una interrupcion!!!
[INFO] 12:53:15:224 INTERRUPT/(21565:21567): Enviando PCB del PID 13...
[INFO] 12:53:21:462 INTERRUPT/(21565:21568): El KERNEL ha solicitado una interrupcion
[WARNING] 12:53:23:364 INTERRUPT/(21565:21567): Se detecto una interrupcion!!!
[INFO] 12:53:23:364 INTERRUPT/(21565:21567): Enviando PCB del PID 13...
[INFO] 12:53:23:508 INTERRUPT/(21565:21568): El KERNEL ha solicitado una interrupcion
[WARNING] 12:53:25:387 INTERRUPT/(21565:21567): Se detecto una interrupcion!!!
[INFO] 12:53:25:387 INTERRUPT/(21565:21567): Enviando PCB del PID 13...
[INFO] 12:53:25:493 INTERRUPT/(21565:21568): El KERNEL ha solicitado una interrupcion
[WARNING] 12:53:27:397 INTERRUPT/(21565:21567): Se detecto una interrupcion!!!
[INFO] 12:53:27:397 INTERRUPT/(21565:21567): Enviando PCB del PID 13...
[INFO] 12:53:27:559 INTERRUPT/(21565:21568): El KERNEL ha solicitado una interrupcion
[WARNING] 12:53:29:465 INTERRUPT/(21565:21567): Se detecto una interrupcion!!!
[INFO] 12:53:29:465 INTERRUPT/(21565:21567): Enviando PCB del PID 13...
[INFO] 12:53:29:614 INTERRUPT/(21565:21568): El KERNEL ha solicitado una interrupcion
[WARNING] 12:53:31:521 INTERRUPT/(21565:21567): Se detecto una interrupcion!!!
[INFO] 12:53:31:521 INTERRUPT/(21565:21567): Enviando PCB del PID 13...
[INFO] 12:53:31:664 INTERRUPT/(21565:21568): El KERNEL ha solicitado una interrupcion
[WARNING] 12:53:33:576 INTERRUPT/(21565:21567): Se detecto una interrupcion!!!
[INFO] 12:53:33:576 INTERRUPT/(21565:21567): Enviando PCB del PID 13...
[INFO] 12:55:21:366 INTERRUPT/(21565:21568): El KERNEL ha solicitado una interrupcion
[WARNING] 12:55:22:255 INTERRUPT/(21565:21567): Se detecto una interrupcion!!!
[INFO] 12:55:22:255 INTERRUPT/(21565:21567): Enviando PCB del PID 15...
[INFO] 12:55:23:094 INTERRUPT/(21565:21568): El KERNEL ha solicitado una interrupcion
[WARNING] 12:55:23:990 INTERRUPT/(21565:21567): Se detecto una interrupcion!!!
[INFO] 12:55:23:990 INTERRUPT/(21565:21567): Enviando PCB del PID 15...
[INFO] 12:55:25:216 INTERRUPT/(21565:21568): El KERNEL ha solicitado una interrupcion
[WARNING] 12:55:25:220 INTERRUPT/(21565:21567): Se detecto una interrupcion!!!
[INFO] 12:55:25:221 INTERRUPT/(21565:21567): Enviando PCB del PID 15...
[INFO] 12:55:25:447 INTERRUPT/(21565:21568): El KERNEL ha solicitado una interrupcion
[WARNING] 12:55:26:351 INTERRUPT/(21565:21567): Se detecto una interrupcion!!!
[INFO] 12:55:26:351 INTERRUPT/(21565:21567): Enviando PCB del PID 15...
[INFO] 12:55:26:770 INTERRUPT/(21565:21568): El KERNEL ha solicitado una interrupcion
[WARNING] 12:55:26:771 INTERRUPT/(21565:21567): Se detecto una interrupcion!!!
[INFO] 12:55:26:771 INTERRUPT/(21565:21567): Enviando PCB del PID 14...
[INFO] 12:55:26:879 INTERRUPT/(21565:21568): El KERNEL ha solicitado una interrupcion
[WARNING] 12:55:27:789 INTERRUPT/(21565:21567): Se detecto una interrupcion!!!
[INFO] 12:55:27:789 INTERRUPT/(21565:21567): Enviando PCB del PID 15...
